<?xml version="1.0" encoding="UTF-8"?>
<!-- Generated by org.testng.reporters.JUnitReportReporter -->
<testsuite skipped="0" hostname="DESKTOP-N308L1J" name="variousConcepts.LoginTest" tests="1" failures="0" timestamp="14 May 2022 15:27:18 GMT" time="6.257" errors="0">
  <testcase name="addCustomerTest" time="6.257" classname="variousConcepts.LoginTest"/>
</testsuite> <!-- variousConcepts.LoginTest -->
